<?xml version="1.0" encoding="UTF-8"?>
<!-- Generated by org.testng.reporters.JUnitReportReporter -->
<testsuite skipped="2" hostname="IBM763-PC0F1EA8" name="Testcases.skippackage" tests="2" failures="0" timestamp="14 Dec 2018 10:28:38 GMT" time="0.000" errors="0">
  <testcase name="testCaseEnabling" time="0.000" classname="Testcases.skippackage">
    <skipped/>
  </testcase> <!-- testCaseEnabling -->
  <testcase name="testCaseConditionalSkipException" time="0.000" classname="Testcases.skippackage">
    <skipped/>
  </testcase> <!-- testCaseConditionalSkipException -->
</testsuite> <!-- Testcases.skippackage -->
